[    1790ms] [VERBOSE] [DOM] Input elements should have autocomplete attributes (suggested: "current-password"): (More info: https://goo.gl/9p2vKq) %o @ https://womenkind.vercel.app/provider/login:0
[    3289ms] [ERROR] Failed to load resource: the server responded with a status of 404 () @ https://womenkind.vercel.app/favicon.ico:0
[   21870ms] [ERROR] Failed to load resource: the server responded with a status of 500 () @ https://womenkind.vercel.app/api/intake/regenerate-brief:0
[   27385ms] [ERROR] Failed to load resource: the server responded with a status of 500 () @ https://womenkind.vercel.app/api/intake/regenerate-brief:0
[   33716ms] [ERROR] Failed to load resource: the server responded with a status of 500 () @ https://womenkind.vercel.app/api/intake/regenerate-brief:0
[  500097ms] [ERROR] Failed to load resource: the server responded with a status of 500 () @ https://womenkind.vercel.app/api/intake/regenerate-brief:0
[  650184ms] [ERROR] Failed to load resource: the server responded with a status of 500 () @ https://womenkind.vercel.app/api/intake/regenerate-brief:0
[  887576ms] [ERROR] Failed to load resource: the server responded with a status of 500 () @ https://womenkind.vercel.app/api/intake/regenerate-brief:0
[  987844ms] [ERROR] Failed to load resource: the server responded with a status of 500 () @ https://womenkind.vercel.app/api/intake/regenerate-brief:0
[ 1871063ms] [ERROR] Failed to load resource: the server responded with a status of 500 () @ https://womenkind.vercel.app/api/intake/regenerate-brief:0
[ 2186337ms] [VERBOSE] [DOM] Input elements should have autocomplete attributes (suggested: "current-password"): (More info: https://goo.gl/9p2vKq) %o @ https://womenkind.vercel.app/provider/login?reason=idle:0
[ 2347196ms] [ERROR] Failed to load resource: the server responded with a status of 401 () @ https://womenkind.vercel.app/api/intake/regenerate-brief:0
[ 2365611ms] [ERROR] Failed to load resource: the server responded with a status of 500 () @ https://womenkind.vercel.app/api/intake/regenerate-brief:0
[ 2552128ms] [ERROR] Failed to load resource: the server responded with a status of 500 () @ https://womenkind.vercel.app/api/intake/regenerate-brief:0
[ 2963480ms] [ERROR] Failed to load resource: the server responded with a status of 500 () @ https://womenkind.vercel.app/api/intake/regenerate-brief:0
[ 2971812ms] [ERROR] Failed to load resource: the server responded with a status of 500 () @ https://womenkind.vercel.app/api/intake/regenerate-brief:0
[ 3096509ms] [ERROR] Failed to load resource: the server responded with a status of 500 () @ https://womenkind.vercel.app/api/intake/regenerate-brief:0
[ 3328201ms] [ERROR] Failed to load resource: the server responded with a status of 500 () @ https://womenkind.vercel.app/api/intake/regenerate-brief:0
[ 3341588ms] [ERROR] Failed to load resource: the server responded with a status of 404 () @ https://womenkind.vercel.app/api/debug/whoami:0
[ 3990103ms] [ERROR] Failed to load resource: the server responded with a status of 500 () @ https://womenkind.vercel.app/api/intake/regenerate-brief:0
[ 4155014ms] [VERBOSE] [DOM] Input elements should have autocomplete attributes (suggested: "current-password"): (More info: https://goo.gl/9p2vKq) %o @ https://womenkind.vercel.app/provider/login?reason=idle:0
[ 4815095ms] [ERROR] Failed to load resource: the server responded with a status of 500 () @ https://womenkind.vercel.app/api/intake/regenerate-brief:0
[ 4822627ms] [ERROR] Failed to load resource: the server responded with a status of 500 () @ https://womenkind.vercel.app/api/intake/regenerate-brief:0
[ 4929517ms] [ERROR] Failed to load resource: the server responded with a status of 500 () @ https://womenkind.vercel.app/api/intake/regenerate-brief:0
[ 5213785ms] [ERROR] Failed to load resource: the server responded with a status of 500 () @ https://womenkind.vercel.app/api/debug/invoke-test:0
[ 5381790ms] [ERROR] Failed to load resource: the server responded with a status of 500 () @ https://womenkind.vercel.app/api/debug/invoke-test:0
